2010-01-27 19:45:40 Debug: Notice (1024): Please change the value of 'Security.salt' in app/config/core.php to a salt value specific to your application in [E:\xampp\htdocs\cakephp1\cake\libs\debugger.php, line 674]
2010-01-27 19:45:40 Debug: Notice (1024): Please change the value of 'Security.cipherSeed' in app/config/core.php to a numeric (digits only) seed value specific to your application in [E:\xampp\htdocs\cakephp1\cake\libs\debugger.php, line 678]
2010-01-27 19:46:03 Debug: Notice (1024): Please change the value of 'Security.salt' in app/config/core.php to a salt value specific to your application in [E:\xampp\htdocs\cakephp\cake\libs\debugger.php, line 674]
2010-01-27 19:46:03 Debug: Notice (1024): Please change the value of 'Security.cipherSeed' in app/config/core.php to a numeric (digits only) seed value specific to your application in [E:\xampp\htdocs\cakephp\cake\libs\debugger.php, line 678]
2010-01-27 19:46:51 Debug: Notice (1024): Please change the value of 'Security.cipherSeed' in app/config/core.php to a numeric (digits only) seed value specific to your application in [E:\xampp\htdocs\cakephp\cake\libs\debugger.php, line 678]
2010-01-27 23:05:06 Debug: Notice (8): Undefined property: VbulletinController::$Bridge in [E:\xampp\htdocs\cakephp\app\controllers\vbulletin_controller.php, line 8]
2010-01-27 23:20:19 Debug: Notice (8): Use of undefined constant wwwhome - assumed 'wwwhome' in [E:\xampp\htdocs\cakephp\app\views\vbulletin\login.ctp, line 4]
2010-01-27 23:20:19 Debug: Notice (8): Undefined variable: currentlang in [E:\xampp\htdocs\cakephp\app\views\vbulletin\login.ctp, line 13]
2010-01-27 23:20:19 Debug: Notice (8): Undefined variable: currentlang in [E:\xampp\htdocs\cakephp\app\views\vbulletin\login.ctp, line 14]
2010-01-27 23:22:45 Debug: Notice (8): Use of undefined constant wwwhome - assumed 'wwwhome' in [E:\xampp\htdocs\cakephp\app\views\vbulletin\login.ctp, line 4]
2010-01-27 23:32:20 Debug: Notice (8): Undefined variable: query in [E:\xampp\htdocs\cakephp\app\models\vbulletin.php, line 43]
2010-01-27 23:32:20 Debug: Notice (8): Undefined variable: query in [E:\xampp\htdocs\cakephp\app\models\vbulletin.php, line 43]
2010-01-27 23:32:35 Debug: Notice (8): Undefined variable: query in [E:\xampp\htdocs\cakephp\app\models\vbulletin.php, line 43]
2010-01-27 23:32:58 Debug: Notice (8): Undefined variable: query in [E:\xampp\htdocs\cakephp\app\models\vbulletin.php, line 43]
2010-01-27 23:33:00 Debug: Notice (8): Undefined variable: query in [E:\xampp\htdocs\cakephp\app\models\vbulletin.php, line 43]
2010-01-27 23:38:09 Debug: Notice (8): Undefined variable: query in [E:\xampp\htdocs\cakephp\app\models\vbulletin.php, line 43]
2010-01-27 23:43:52 Debug: Notice (8): Use of undefined constant wwwhome - assumed 'wwwhome' in [E:\xampp\htdocs\cakephp\app\views\vbulletin\index.ctp, line 13]
2010-01-28 00:53:32 Debug: Notice (8): Undefined variable: furl in [E:\xampp\htdocs\cakephp\app\views\elements\form_login.ctp, line 25]
2010-01-28 00:53:32 Debug: Notice (8): Undefined variable: sessionhash in [E:\xampp\htdocs\cakephp\app\views\elements\form_login.ctp, line 30]
2010-01-28 00:53:32 Debug: Notice (8): Undefined variable: furl in [E:\xampp\htdocs\cakephp\app\views\elements\form_login.ctp, line 50]
2010-01-28 00:53:32 Debug: Notice (8): Undefined variable: sessionhash in [E:\xampp\htdocs\cakephp\app\views\elements\form_login.ctp, line 50]
2010-01-28 00:53:32 Debug: Notice (8): Undefined variable: furl in [E:\xampp\htdocs\cakephp\app\views\elements\form_login.ctp, line 52]
2010-01-28 00:53:33 Debug: Notice (8): Undefined variable: furl in [E:\xampp\htdocs\cakephp\app\views\elements\form_login.ctp, line 25]
2010-01-28 00:53:33 Debug: Notice (8): Undefined variable: sessionhash in [E:\xampp\htdocs\cakephp\app\views\elements\form_login.ctp, line 30]
2010-01-28 00:53:33 Debug: Notice (8): Undefined variable: furl in [E:\xampp\htdocs\cakephp\app\views\elements\form_login.ctp, line 50]
2010-01-28 00:53:33 Debug: Notice (8): Undefined variable: sessionhash in [E:\xampp\htdocs\cakephp\app\views\elements\form_login.ctp, line 50]
2010-01-28 00:53:33 Debug: Notice (8): Undefined variable: furl in [E:\xampp\htdocs\cakephp\app\views\elements\form_login.ctp, line 52]
2010-01-28 00:53:33 Debug: Notice (8): Undefined variable: furl in [E:\xampp\htdocs\cakephp\app\views\elements\form_login.ctp, line 25]
2010-01-28 00:53:33 Debug: Notice (8): Undefined variable: sessionhash in [E:\xampp\htdocs\cakephp\app\views\elements\form_login.ctp, line 30]
2010-01-28 00:53:33 Debug: Notice (8): Undefined variable: furl in [E:\xampp\htdocs\cakephp\app\views\elements\form_login.ctp, line 50]
2010-01-28 00:53:33 Debug: Notice (8): Undefined variable: sessionhash in [E:\xampp\htdocs\cakephp\app\views\elements\form_login.ctp, line 50]
2010-01-28 00:53:33 Debug: Notice (8): Undefined variable: furl in [E:\xampp\htdocs\cakephp\app\views\elements\form_login.ctp, line 52]
2010-01-28 00:53:37 Debug: Notice (8): Undefined variable: furl in [E:\xampp\htdocs\cakephp\app\views\elements\form_login.ctp, line 25]
2010-01-28 00:53:37 Debug: Notice (8): Undefined variable: furl in [E:\xampp\htdocs\cakephp\app\views\elements\form_login.ctp, line 50]
2010-01-28 00:53:37 Debug: Notice (8): Undefined variable: furl in [E:\xampp\htdocs\cakephp\app\views\elements\form_login.ctp, line 52]
2010-01-28 00:53:38 Debug: Notice (8): Undefined variable: furl in [E:\xampp\htdocs\cakephp\app\views\elements\form_login.ctp, line 25]
2010-01-28 00:53:38 Debug: Notice (8): Undefined variable: furl in [E:\xampp\htdocs\cakephp\app\views\elements\form_login.ctp, line 25]
2010-01-28 00:53:38 Debug: Notice (8): Undefined variable: furl in [E:\xampp\htdocs\cakephp\app\views\elements\form_login.ctp, line 25]
2010-01-28 00:53:38 Debug: Notice (8): Undefined variable: sessionhash in [E:\xampp\htdocs\cakephp\app\views\elements\form_login.ctp, line 30]
2010-01-28 00:53:38 Debug: Notice (8): Undefined variable: sessionhash in [E:\xampp\htdocs\cakephp\app\views\elements\form_login.ctp, line 30]
2010-01-28 00:53:38 Debug: Notice (8): Undefined variable: furl in [E:\xampp\htdocs\cakephp\app\views\elements\form_login.ctp, line 50]
2010-01-28 00:53:38 Debug: Notice (8): Undefined variable: sessionhash in [E:\xampp\htdocs\cakephp\app\views\elements\form_login.ctp, line 30]
2010-01-28 00:53:38 Debug: Notice (8): Undefined variable: furl in [E:\xampp\htdocs\cakephp\app\views\elements\form_login.ctp, line 50]
2010-01-28 00:53:38 Debug: Notice (8): Undefined variable: furl in [E:\xampp\htdocs\cakephp\app\views\elements\form_login.ctp, line 50]
2010-01-28 00:53:38 Debug: Notice (8): Undefined variable: sessionhash in [E:\xampp\htdocs\cakephp\app\views\elements\form_login.ctp, line 50]
2010-01-28 00:53:38 Debug: Notice (8): Undefined variable: sessionhash in [E:\xampp\htdocs\cakephp\app\views\elements\form_login.ctp, line 50]
2010-01-28 00:53:38 Debug: Notice (8): Undefined variable: furl in [E:\xampp\htdocs\cakephp\app\views\elements\form_login.ctp, line 52]
2010-01-28 00:53:38 Debug: Notice (8): Undefined variable: sessionhash in [E:\xampp\htdocs\cakephp\app\views\elements\form_login.ctp, line 50]
2010-01-28 00:53:38 Debug: Notice (8): Undefined variable: furl in [E:\xampp\htdocs\cakephp\app\views\elements\form_login.ctp, line 52]
2010-01-28 00:53:38 Debug: Notice (8): Undefined variable: furl in [E:\xampp\htdocs\cakephp\app\views\elements\form_login.ctp, line 52]
2010-01-28 00:53:38 Debug: Notice (8): Undefined variable: furl in [E:\xampp\htdocs\cakephp\app\views\elements\form_login.ctp, line 25]
2010-01-28 00:53:38 Debug: Notice (8): Undefined variable: sessionhash in [E:\xampp\htdocs\cakephp\app\views\elements\form_login.ctp, line 30]
2010-01-28 00:53:38 Debug: Notice (8): Undefined variable: furl in [E:\xampp\htdocs\cakephp\app\views\elements\form_login.ctp, line 50]
2010-01-28 00:53:38 Debug: Notice (8): Undefined variable: sessionhash in [E:\xampp\htdocs\cakephp\app\views\elements\form_login.ctp, line 50]
2010-01-28 00:53:38 Debug: Notice (8): Undefined variable: furl in [E:\xampp\htdocs\cakephp\app\views\elements\form_login.ctp, line 52]
2010-01-28 00:53:39 Debug: Notice (8): Undefined variable: furl in [E:\xampp\htdocs\cakephp\app\views\elements\form_login.ctp, line 25]
2010-01-28 00:53:39 Debug: Notice (8): Undefined variable: sessionhash in [E:\xampp\htdocs\cakephp\app\views\elements\form_login.ctp, line 30]
2010-01-28 00:53:39 Debug: Notice (8): Undefined variable: furl in [E:\xampp\htdocs\cakephp\app\views\elements\form_login.ctp, line 50]
2010-01-28 00:53:39 Debug: Notice (8): Undefined variable: sessionhash in [E:\xampp\htdocs\cakephp\app\views\elements\form_login.ctp, line 50]
2010-01-28 00:53:39 Debug: Notice (8): Undefined variable: furl in [E:\xampp\htdocs\cakephp\app\views\elements\form_login.ctp, line 52]
2010-01-28 00:53:39 Debug: Notice (8): Undefined variable: furl in [E:\xampp\htdocs\cakephp\app\views\elements\form_login.ctp, line 25]
2010-01-28 00:53:39 Debug: Notice (8): Undefined variable: sessionhash in [E:\xampp\htdocs\cakephp\app\views\elements\form_login.ctp, line 30]
2010-01-28 00:53:39 Debug: Notice (8): Undefined variable: furl in [E:\xampp\htdocs\cakephp\app\views\elements\form_login.ctp, line 50]
2010-01-28 00:53:39 Debug: Notice (8): Undefined variable: sessionhash in [E:\xampp\htdocs\cakephp\app\views\elements\form_login.ctp, line 50]
2010-01-28 00:53:39 Debug: Notice (8): Undefined variable: furl in [E:\xampp\htdocs\cakephp\app\views\elements\form_login.ctp, line 52]
2010-01-28 04:30:52 Notice: Notice (8): Undefined variable: avatar_get in [/var/www/cakephp/app/models/vbulletin.php, line 77]
2010-01-28 04:30:52 Notice: Notice (8): Undefined variable: avatar in [/var/www/cakephp/app/models/vbulletin.php, line 80]
2010-01-28 04:30:57 Notice: Notice (8): Undefined variable: avatar_get in [/var/www/cakephp/app/models/vbulletin.php, line 77]
2010-01-28 04:30:57 Notice: Notice (8): Undefined variable: avatar in [/var/www/cakephp/app/models/vbulletin.php, line 80]
2010-01-28 04:33:24 Notice: Notice (8): Undefined variable: avatar_get in [/var/www/cakephp/app/models/vbulletin.php, line 77]
2010-01-28 04:33:24 Notice: Notice (8): Undefined variable: avatar in [/var/www/cakephp/app/models/vbulletin.php, line 80]
2010-01-28 04:33:54 Notice: Notice (8): Undefined variable: avatar_get in [/var/www/cakephp/app/models/vbulletin.php, line 77]
2010-01-28 04:33:54 Notice: Notice (8): Undefined variable: avatar in [/var/www/cakephp/app/models/vbulletin.php, line 80]
