2010-01-27 23:32:20 Warning: Warning (512): <span style="color:Red;text-align:left"><b>SQL Error:</b> 1065: Query was empty</span> in [E:\xampp\htdocs\cakephp\cake\libs\model\datasources\dbo_source.php, line 635]
2010-01-27 23:32:20 Warning: Warning (512): <span style="color:Red;text-align:left"><b>SQL Error:</b> 1065: Query was empty</span> in [E:\xampp\htdocs\cakephp\cake\libs\model\datasources\dbo_source.php, line 635]
2010-01-27 23:32:35 Warning: Warning (512): <span style="color:Red;text-align:left"><b>SQL Error:</b> 1065: Query was empty</span> in [E:\xampp\htdocs\cakephp\cake\libs\model\datasources\dbo_source.php, line 635]
2010-01-27 23:32:35 Warning: Warning (2): Cannot modify header information - headers already sent by (output started at E:\xampp\htdocs\cakephp\cake\libs\debugger.php:663) in [E:\xampp\htdocs\cakephp\cake\libs\controller\controller.php, line 715]
2010-01-27 23:32:58 Warning: Warning (512): <span style="color:Red;text-align:left"><b>SQL Error:</b> 1065: Query was empty</span> in [E:\xampp\htdocs\cakephp\cake\libs\model\datasources\dbo_source.php, line 635]
2010-01-27 23:32:58 Warning: Warning (2): Cannot modify header information - headers already sent by (output started at E:\xampp\htdocs\cakephp\cake\libs\debugger.php:663) in [E:\xampp\htdocs\cakephp\cake\libs\controller\controller.php, line 715]
2010-01-27 23:33:00 Warning: Warning (512): <span style="color:Red;text-align:left"><b>SQL Error:</b> 1065: Query was empty</span> in [E:\xampp\htdocs\cakephp\cake\libs\model\datasources\dbo_source.php, line 635]
2010-01-27 23:33:00 Warning: Warning (2): Cannot modify header information - headers already sent by (output started at E:\xampp\htdocs\cakephp\cake\libs\debugger.php:663) in [E:\xampp\htdocs\cakephp\cake\libs\controller\controller.php, line 715]
2010-01-27 23:38:09 Warning: Warning (512): <span style="color:Red;text-align:left"><b>SQL Error:</b> 1065: Query was empty</span> in [E:\xampp\htdocs\cakephp\cake\libs\model\datasources\dbo_source.php, line 635]
2010-01-27 23:38:09 Warning: Warning (2): Cannot modify header information - headers already sent by (output started at E:\xampp\htdocs\cakephp\cake\libs\debugger.php:663) in [E:\xampp\htdocs\cakephp\cake\libs\controller\controller.php, line 715]
2010-01-28 04:16:00 Warning: Warning (2): mysql_connect() [<a href='http://php.net/function.mysql-connect'>function.mysql-connect</a>]: Access denied for user 'root'@'localhost' (using password: YES) in [/var/www/cakephp/cake/libs/model/datasources/dbo/dbo_mysql.php, line 540]
2010-01-28 04:16:00 Warning: Warning (2): mysql_select_db(): supplied argument is not a valid MySQL-Link resource in [/var/www/cakephp/cake/libs/model/datasources/dbo/dbo_mysql.php, line 546]
2010-01-28 04:16:00 Warning: Warning (2): mysql_get_server_info(): supplied argument is not a valid MySQL-Link resource in [/var/www/cakephp/cake/libs/model/datasources/dbo/dbo_mysql.php, line 554]
2010-01-28 04:16:00 Warning: Warning (2): mysql_query(): supplied argument is not a valid MySQL-Link resource in [/var/www/cakephp/cake/libs/model/datasources/dbo/dbo_mysql.php, line 588]
2010-01-28 04:16:00 Warning: Warning (2): mysql_errno(): supplied argument is not a valid MySQL-Link resource in [/var/www/cakephp/cake/libs/model/datasources/dbo/dbo_mysql.php, line 667]
2010-01-28 04:16:28 Warning: Warning (512): <span style="color:Red;text-align:left"><b>SQL Error:</b> 1146: Table 'cakedb.session' doesn't exist</span> in [/var/www/cakephp/cake/libs/model/datasources/dbo_source.php, line 635]
2010-01-28 04:30:52 Warning: Warning (2): Invalid argument supplied for foreach() in [/var/www/cakephp/app/models/vbulletin.php, line 77]
2010-01-28 04:30:57 Warning: Warning (2): Invalid argument supplied for foreach() in [/var/www/cakephp/app/models/vbulletin.php, line 77]
2010-01-28 04:33:24 Warning: Warning (2): Invalid argument supplied for foreach() in [/var/www/cakephp/app/models/vbulletin.php, line 77]
2010-01-28 04:33:54 Warning: Warning (2): Invalid argument supplied for foreach() in [/var/www/cakephp/app/models/vbulletin.php, line 77]
